Determining if the pthread_create exist failed with the following output:
Change Dir: /home/morganlee/slambook_practice/ch6/ceres_curve_fitting/build/CMakeFiles/CMakeTmp

Run Build Command:"/usr/bin/make" "cmTC_79d31/fast"
/usr/bin/make -f CMakeFiles/cmTC_79d31.dir/build.make CMakeFiles/cmTC_79d31.dir/build
make[1]: Entering directory '/home/morganlee/slambook_practice/ch6/ceres_curve_fitting/build/CMakeFiles/CMakeTmp'
Building C object CMakeFiles/cmTC_79d31.dir/CheckSymbolExists.c.o
/usr/bin/cc    -o CMakeFiles/cmTC_79d31.dir/CheckSymbolExists.c.o   -c /home/morganlee/slambook_practice/ch6/ceres_curve_fitting/build/CMakeFiles/CMakeTmp/CheckSymbolExists.c
Linking C executable cmTC_79d31
/usr/bin/cmake -E cmake_link_script CMakeFiles/cmTC_79d31.dir/link.txt --verbose=1
/usr/bin/cc      -rdynamic CMakeFiles/cmTC_79d31.dir/CheckSymbolExists.c.o  -o cmTC_79d31 
CMakeFiles/cmTC_79d31.dir/CheckSymbolExists.c.o: In function `main':
CheckSymbolExists.c:(.text+0x1b): undefined reference to `pthread_create'
collect2: error: ld returned 1 exit status
CMakeFiles/cmTC_79d31.dir/build.make:97: recipe for target 'cmTC_79d31' failed
make[1]: *** [cmTC_79d31] Error 1
make[1]: Leaving directory '/home/morganlee/slambook_practice/ch6/ceres_curve_fitting/build/CMakeFiles/CMakeTmp'
Makefile:126: recipe for target 'cmTC_79d31/fast' failed
make: *** [cmTC_79d31/fast] Error 2

File /home/morganlee/slambook_practice/ch6/ceres_curve_fitting/build/CMakeFiles/CMakeTmp/CheckSymbolExists.c:
/* */
#include <pthread.h>

int main(int argc, char** argv)
{
  (void)argv;
#ifndef pthread_create
  return ((int*)(&pthread_create))[argc];
#else
  (void)argc;
  return 0;
#endif
}

Determining if the function pthread_create exists in the pthreads failed with the following output:
Change Dir: /home/morganlee/slambook_practice/ch6/ceres_curve_fitting/build/CMakeFiles/CMakeTmp

Run Build Command:"/usr/bin/make" "cmTC_5bc34/fast"
/usr/bin/make -f CMakeFiles/cmTC_5bc34.dir/build.make CMakeFiles/cmTC_5bc34.dir/build
make[1]: Entering directory '/home/morganlee/slambook_practice/ch6/ceres_curve_fitting/build/CMakeFiles/CMakeTmp'
Building C object CMakeFiles/cmTC_5bc34.dir/CheckFunctionExists.c.o
/usr/bin/cc   -DCHECK_FUNCTION_EXISTS=pthread_create   -o CMakeFiles/cmTC_5bc34.dir/CheckFunctionExists.c.o   -c /usr/share/cmake-3.10/Modules/CheckFunctionExists.c
Linking C executable cmTC_5bc34
/usr/bin/cmake -E cmake_link_script CMakeFiles/cmTC_5bc34.dir/link.txt --verbose=1
/usr/bin/cc  -DCHECK_FUNCTION_EXISTS=pthread_create    -rdynamic CMakeFiles/cmTC_5bc34.dir/CheckFunctionExists.c.o  -o cmTC_5bc34 -lpthreads 
/usr/bin/ld: cannot find -lpthreads
collect2: error: ld returned 1 exit status
CMakeFiles/cmTC_5bc34.dir/build.make:97: recipe for target 'cmTC_5bc34' failed
make[1]: *** [cmTC_5bc34] Error 1
make[1]: Leaving directory '/home/morganlee/slambook_practice/ch6/ceres_curve_fitting/build/CMakeFiles/CMakeTmp'
Makefile:126: recipe for target 'cmTC_5bc34/fast' failed
make: *** [cmTC_5bc34/fast] Error 2


